<?xml version="1.0" encoding="UTF-8"?>
<!-- Generated by org.testng.reporters.JUnitReportReporter -->
<testsuite hostname="DESKTOP-HF7DRJD" failures="0" tests="1" name="testCases.RegistrationTest_1" time="10.072" errors="0" timestamp="2023-10-07T23:32:52 GMT-07:00" skipped="0">
  <testcase classname="testCases.RegistrationTest_1" name="test1" time="10.072"/>
</testsuite> <!-- testCases.RegistrationTest_1 -->
