<?xml version="1.0" encoding="UTF-8"?>
<!-- Generated by org.testng.reporters.JUnitReportReporter -->
<testsuite hostname="DESKTOP-HF7DRJD" failures="0" tests="1" name="testCases.HomepageTest_3" time="23.273" errors="0" timestamp="2023-10-07T23:34:30 GMT-07:00" skipped="0">
  <testcase classname="testCases.HomepageTest_3" name="tests" time="23.273"/>
</testsuite> <!-- testCases.HomepageTest_3 -->
