<?xml version="1.0" encoding="UTF-8"?>
<!-- Generated by org.testng.reporters.JUnitReportReporter -->
<testsuite hostname="DESKTOP-HF7DRJD" failures="0" tests="1" name="testCases.LoginTest_2" time="12.215" errors="0" timestamp="2023-10-07T23:33:37 GMT-07:00" skipped="0">
  <testcase classname="testCases.LoginTest_2" name="test1" time="12.215"/>
</testsuite> <!-- testCases.LoginTest_2 -->
