<?xml version="1.0" encoding="UTF-8"?>
<!-- Generated by org.testng.reporters.JUnitReportReporter -->
<testsuite hostname="DESKTOP-HF7DRJD" failures="0" tests="1" name="testCases.AdrdressandLogoutTest_5" time="82.874" errors="0" timestamp="2023-10-07T23:36:49 GMT-07:00" skipped="0">
  <testcase classname="testCases.AdrdressandLogoutTest_5" name="test1" time="82.874"/>
</testsuite> <!-- testCases.AdrdressandLogoutTest_5 -->
