<?xml version="1.0" encoding="UTF-8"?>
<!-- Generated by org.testng.reporters.JUnitReportReporter -->
<testsuite hostname="DESKTOP-HF7DRJD" failures="0" tests="1" name="testCases.CheckoutTest_4" time="19.680" errors="0" timestamp="2023-10-07T23:35:06 GMT-07:00" skipped="0">
  <testcase classname="testCases.CheckoutTest_4" name="test1" time="19.680"/>
</testsuite> <!-- testCases.CheckoutTest_4 -->
